platforms/android/app/build/intermediates/manifest_merge_blame_file/debug/manifest-merger-blame-debug-report.txt
1<?xml version="1.0" encoding="utf-8"?>
2<manifest xmlns:android="http://schemas.android.com/apk/res/android"
3    package="org.nativescript.application"
4    android:versionCode="10000"
5    android:versionName="1.0" >
6
7    <uses-sdk
8        android:minSdkVersion="17"
8-->src/main/AndroidManifest.xml
9        android:targetSdkVersion="29" />
9-->src/main/AndroidManifest.xml
10
11    <supports-screens
11-->src/main/AndroidManifest.xml:7:2-11:33
12        android:largeScreens="true"
12-->src/main/AndroidManifest.xml:10:3-30
13        android:normalScreens="true"
13-->src/main/AndroidManifest.xml:9:3-31
14        android:smallScreens="true"
14-->src/main/AndroidManifest.xml:8:3-30
15        android:xlargeScreens="true" />
15-->src/main/AndroidManifest.xml:11:3-31
16
17    <uses-permission android:name="android.permission.READ_EXTERNAL_STORAGE" />
17-->src/main/AndroidManifest.xml:13:2-76
17-->src/main/AndroidManifest.xml:13:19-74
18    <uses-permission android:name="android.permission.WRITE_EXTERNAL_STORAGE" />
18-->src/main/AndroidManifest.xml:14:2-77
18-->src/main/AndroidManifest.xml:14:19-75
19    <uses-permission android:name="android.permission.INTERNET" />
19-->src/main/AndroidManifest.xml:15:2-63
19-->src/main/AndroidManifest.xml:15:19-61
20    <uses-permission android:name="android.permission.ACCESS_FINE_LOCATION" />
20-->[:nativescript_geolocation:] AndroidManifest.xml:9:5-79
20-->[:nativescript_geolocation:] AndroidManifest.xml:9:22-76
21    <uses-permission android:name="android.permission.RECEIVE_BOOT_COMPLETED" />
21-->[:app-release:] AndroidManifest.xml:11:5-81
21-->[:app-release:] AndroidManifest.xml:11:22-78
22    <uses-permission android:name="android.permission.WAKE_LOCK" />
22-->[:app-release:] AndroidManifest.xml:12:5-68
22-->[:app-release:] AndroidManifest.xml:12:22-65
23    <uses-permission android:name="android.permission.READ_PHONE_STATE" />
23-->[:nativescript_telephony:] AndroidManifest.xml:9:5-75
23-->[:nativescript_telephony:] AndroidManifest.xml:9:22-72
24
25    <application
25-->src/main/AndroidManifest.xml:17:2-38:16
26        android:name="com.tns.NativeScriptApplication"
26-->src/main/AndroidManifest.xml:18:3-49
27        android:allowBackup="true"
27-->src/main/AndroidManifest.xml:19:3-29
28        android:appComponentFactory="androidx.core.app.CoreComponentFactory"
28-->[androidx.core:core:1.0.1] AndroidManifest.xml:22:18-86
29        android:debuggable="true"
30        android:icon="@drawable/icon"
30-->src/main/AndroidManifest.xml:20:3-32
31        android:label="@string/app_name"
31-->src/main/AndroidManifest.xml:21:3-35
32        android:theme="@style/AppTheme"
32-->src/main/AndroidManifest.xml:22:3-34
33        android:usesCleartextTraffic="true" >
33-->[:nativescript_unit_test_runner:] AndroidManifest.xml:11:18-53
34        <activity
34-->src/main/AndroidManifest.xml:24:3-36:14
35            android:name="com.tns.NativeScriptActivity"
35-->src/main/AndroidManifest.xml:25:4-47
36            android:configChanges="keyboard|keyboardHidden|orientation|screenSize|smallestScreenSize|screenLayout|locale|uiMode"
36-->src/main/AndroidManifest.xml:27:4-120
37            android:label="@string/title_activity_kimera"
37-->src/main/AndroidManifest.xml:26:4-49
38            android:theme="@style/LaunchScreenTheme" >
38-->src/main/AndroidManifest.xml:28:4-44
39            <meta-data
39-->src/main/AndroidManifest.xml:30:4-87
40                android:name="SET_THEME_ON_LAUNCH"
40-->src/main/AndroidManifest.xml:30:15-49
41                android:resource="@style/AppTheme" />
41-->src/main/AndroidManifest.xml:30:50-84
42
43            <intent-filter>
43-->src/main/AndroidManifest.xml:32:4-35:20
44                <action android:name="android.intent.action.MAIN" />
44-->src/main/AndroidManifest.xml:33:5-57
44-->src/main/AndroidManifest.xml:33:13-54
45
46                <category android:name="android.intent.category.LAUNCHER" />
46-->src/main/AndroidManifest.xml:34:5-65
46-->src/main/AndroidManifest.xml:34:15-62
47            </intent-filter>
48        </activity>
49        <activity android:name="com.tns.ErrorReportActivity" />
49-->src/main/AndroidManifest.xml:37:3-57
49-->src/main/AndroidManifest.xml:37:13-55
50        <activity
50-->[com.google.android.gms:play-services-base:11.4.0] AndroidManifest.xml:19:9-172
51            android:name="com.google.android.gms.common.api.GoogleApiActivity"
51-->[com.google.android.gms:play-services-base:11.4.0] AndroidManifest.xml:19:19-85
52            android:exported="false"
52-->[com.google.android.gms:play-services-base:11.4.0] AndroidManifest.xml:19:146-170
53            android:theme="@android:style/Theme.Translucent.NoTitleBar" />
53-->[com.google.android.gms:play-services-base:11.4.0] AndroidManifest.xml:19:86-145
54
55        <meta-data
55-->[com.google.android.gms:play-services-basement:11.4.0] AndroidManifest.xml:20:9-121
56            android:name="com.google.android.gms.version"
56-->[com.google.android.gms:play-services-basement:11.4.0] AndroidManifest.xml:20:20-65
57            android:value="@integer/google_play_services_version" />
57-->[com.google.android.gms:play-services-basement:11.4.0] AndroidManifest.xml:20:66-119
58
59        <service
59-->[:app-release:] AndroidManifest.xml:15:9-17:40
60            android:name="com.telerik.localnotifications.NotificationActionReceiver"
60-->[:app-release:] AndroidManifest.xml:16:13-85
61            android:exported="false" />
61-->[:app-release:] AndroidManifest.xml:17:13-37
62
63        <receiver
63-->[:app-release:] AndroidManifest.xml:19:9-21:40
64            android:name="com.telerik.localnotifications.NotificationClearedReceiver"
64-->[:app-release:] AndroidManifest.xml:20:13-86
65            android:exported="false" />
65-->[:app-release:] AndroidManifest.xml:21:13-37
66        <receiver
66-->[:app-release:] AndroidManifest.xml:22:9-24:40
67            android:name="com.telerik.localnotifications.NotificationAlarmReceiver"
67-->[:app-release:] AndroidManifest.xml:23:13-84
68            android:exported="false" />
68-->[:app-release:] AndroidManifest.xml:24:13-37
69        <receiver
69-->[:app-release:] AndroidManifest.xml:25:9-33:20
70            android:name="com.telerik.localnotifications.NotificationRestoreReceiver"
70-->[:app-release:] AndroidManifest.xml:26:13-86
71            android:directBootAware="true"
71-->[:app-release:] AndroidManifest.xml:27:13-43
72            android:exported="false" >
72-->[:app-release:] AndroidManifest.xml:28:13-37
73            <intent-filter>
73-->[:app-release:] AndroidManifest.xml:29:13-32:29
74                <action android:name="android.intent.action.LOCKED_BOOT_COMPLETED" />
74-->[:app-release:] AndroidManifest.xml:30:17-86
74-->[:app-release:] AndroidManifest.xml:30:25-83
75                <action android:name="android.intent.action.BOOT_COMPLETED" />
75-->[:app-release:] AndroidManifest.xml:31:17-79
75-->[:app-release:] AndroidManifest.xml:31:25-76
76            </intent-filter>
77        </receiver>
78    </application>
79
80</manifest>